<?xml version="1.0" encoding="UTF-8"?>
<!-- Generated by org.testng.reporters.JUnitXMLReporter -->
<testsuite ignored="0" hostname="DESKTOP-16K4T19" failures="1" tests="1" name="Test" time="12.981" errors="0" timestamp="2023-02-18T14:47:49 IST">
  <testcase classname="TestcaseProject1.verify" name="verifyMMT" time="1.157">
    <failure type="org.openqa.selenium.ElementClickInterceptedException" message="element click intercepted: Element &amp;lt;span class=&amp;quot;ic_circularclose_grey&amp;quot; data-cy=&amp;quot;handleSnackbarClose&amp;quot;&amp;gt;&amp;lt;/span&amp;gt; is not clickable at point (957, 517). Other element would receive the click: &amp;lt;iframe title=&amp;quot;notification-frame-~25142b642&amp;quot; name=&amp;quot;notification-frame-~25142b642&amp;quot; id=&amp;quot;webklipper-publisher-widget-container-notification-frame&amp;quot; frameborder=&amp;quot;0&amp;quot; marginheight=&amp;quot;0&amp;quot; marginwidth=&amp;quot;0&amp;quot; style=&amp;quot;display: block; position: fixed; z-index: 16776272; left: -1000px; top: -1000px; visibility: visible; height: 100%; width: 100%; transform: translate(1000px, 1000px);&amp;quot; data-notification-layout-id=&amp;quot;~184fc0b7&amp;quot; data-notification-layout-name=&amp;quot;modal&amp;quot;&amp;gt;&amp;lt;/iframe&amp;gt;
  (Session info: chrome=109.0.5414.122)
Build info: version: &amp;apos;4.8.0&amp;apos;, revision: &amp;apos;267030adea&amp;apos;
System info: os.name: &amp;apos;Windows 10&amp;apos;, os.arch: &amp;apos;amd64&amp;apos;, os.version: &amp;apos;10.0&amp;apos;, java.version: &amp;apos;17.0.5&amp;apos;
Driver info: org.openqa.selenium.chrome.ChromeDriver
Command: [a6cb4d1f9a0829f267172d91345221c5, clickElement {id=ba0e0ad4-d8f9-4c67-9ced-cacdc44f762d}]
Capabilities {acceptInsecureCerts: false, browserName: chrome, browserVersion: 109.0.5414.122, chrome: {chromedriverVersion: 109.0.5414.74 (e7c5703604da..., userDataDir: C:\Program Files (x86)\scop...}, goog:chromeOptions: {debuggerAddress: localhost:50418}, networkConnectionEnabled: false, pageLoadStrategy: normal, platformName: WINDOWS, proxy: Proxy(), se:cdp: ws://localhost:50418/devtoo..., se:cdpVersion: 109.0.5414.122, setWindowRect: true, strictFileInteractability: false, timeouts: {implicit: 0, pageLoad: 300000, script: 30000}, unhandledPromptBehavior: dismiss and notify, webauthn:extension:credBlob: true, webauthn:extension:largeBlob: true, webauthn:virtualAuthenticators: true}
Element: [[ChromeDriver: chrome on WINDOWS (a6cb4d1f9a0829f267172d91345221c5)] -&amp;gt; xpath: //span[@class=&amp;apos;ic_circularclose_grey&amp;apos;]]
Session ID: a6cb4d1f9a0829f267172d91345221c5">
      <![CDATA[org.openqa.selenium.ElementClickInterceptedException: element click intercepted: Element <span class="ic_circularclose_grey" data-cy="handleSnackbarClose"></span> is not clickable at point (957, 517). Other element would receive the click: <iframe title="notification-frame-~25142b642" name="notification-frame-~25142b642" id="webklipper-publisher-widget-container-notification-frame" frameborder="0" marginheight="0" marginwidth="0" style="display: block; position: fixed; z-index: 16776272; left: -1000px; top: -1000px; visibility: visible; height: 100%; width: 100%; transform: translate(1000px, 1000px);" data-notification-layout-id="~184fc0b7" data-notification-layout-name="modal"></iframe>
  (Session info: chrome=109.0.5414.122)
Build info: version: '4.8.0', revision: '267030adea'
System info: os.name: 'Windows 10', os.arch: 'amd64', os.version: '10.0', java.version: '17.0.5'
Driver info: org.openqa.selenium.chrome.ChromeDriver
Command: [a6cb4d1f9a0829f267172d91345221c5, clickElement {id=ba0e0ad4-d8f9-4c67-9ced-cacdc44f762d}]
Capabilities {acceptInsecureCerts: false, browserName: chrome, browserVersion: 109.0.5414.122, chrome: {chromedriverVersion: 109.0.5414.74 (e7c5703604da..., userDataDir: C:\Program Files (x86)\scop...}, goog:chromeOptions: {debuggerAddress: localhost:50418}, networkConnectionEnabled: false, pageLoadStrategy: normal, platformName: WINDOWS, proxy: Proxy(), se:cdp: ws://localhost:50418/devtoo..., se:cdpVersion: 109.0.5414.122, setWindowRect: true, strictFileInteractability: false, timeouts: {implicit: 0, pageLoad: 300000, script: 30000}, unhandledPromptBehavior: dismiss and notify, webauthn:extension:credBlob: true, webauthn:extension:largeBlob: true, webauthn:virtualAuthenticators: true}
Element: [[ChromeDriver: chrome on WINDOWS (a6cb4d1f9a0829f267172d91345221c5)] -> xpath: //span[@class='ic_circularclose_grey']]
Session ID: a6cb4d1f9a0829f267172d91345221c5
at org.openqa.selenium.remote.codec.w3c.W3CHttpResponseCodec.createException(W3CHttpResponseCodec.java:200)
at org.openqa.selenium.remote.codec.w3c.W3CHttpResponseCodec.decode(W3CHttpResponseCodec.java:133)
at org.openqa.selenium.remote.codec.w3c.W3CHttpResponseCodec.decode(W3CHttpResponseCodec.java:53)
at org.openqa.selenium.remote.HttpCommandExecutor.execute(HttpCommandExecutor.java:184)
at org.openqa.selenium.remote.service.DriverCommandExecutor.invokeExecute(DriverCommandExecutor.java:167)
at org.openqa.selenium.remote.service.DriverCommandExecutor.execute(DriverCommandExecutor.java:142)
at org.openqa.selenium.remote.RemoteWebDriver.execute(RemoteWebDriver.java:543)
at org.openqa.selenium.remote.RemoteWebElement.execute(RemoteWebElement.java:257)
at org.openqa.selenium.remote.RemoteWebElement.click(RemoteWebElement.java:78)
at TestcaseProject1.verify.verifyMMT(verify.java:22)
at java.base/java.util.ArrayList.forEach(ArrayList.java:1511)
... Removed 36 stack frames]]>
    </failure>
  </testcase> <!-- verifyMMT -->
</testsuite> <!-- Test -->
